2020-08-25 15:44:16.783|DEBUG|(0.000) SELECT @@SQL_AUTO_IS_NULL; args=None
2020-08-25 15:44:16.786|DEBUG|(0.001) SELECT VERSION(); args=None
2020-08-25 15:44:17.895|DEBUG|(0.003) SHOW FULL TABLES; args=None
2020-08-25 15:44:17.946|DEBUG|(0.048) SELECT `django_migrations`.`app`, `django_migrations`.`name` FROM `django_migrations`; args=()
2020-08-25 15:47:33.675|DEBUG|(0.000) SELECT @@SQL_AUTO_IS_NULL; args=None
2020-08-25 15:47:33.676|DEBUG|(0.000) SELECT VERSION(); args=None
2020-08-25 15:47:34.395|DEBUG|(0.003) SHOW FULL TABLES; args=None
2020-08-25 15:47:34.398|DEBUG|(0.001) SELECT `django_migrations`.`app`, `django_migrations`.`name` FROM `django_migrations`; args=()
2020-08-25 16:08:46.835|DEBUG|(0.000) SELECT @@SQL_AUTO_IS_NULL; args=None
2020-08-25 16:08:46.835|DEBUG|(0.000) SELECT VERSION(); args=None
2020-08-25 16:08:47.656|DEBUG|(0.002) SHOW FULL TABLES; args=None
2020-08-25 16:08:47.660|DEBUG|(0.001) SELECT `django_migrations`.`app`, `django_migrations`.`name` FROM `django_migrations`; args=()
2020-08-25 16:09:22.203|DEBUG|(0.000) SELECT @@SQL_AUTO_IS_NULL; args=None
2020-08-25 16:09:22.211|DEBUG|(0.006) SELECT VERSION(); args=None
2020-08-25 16:09:22.965|DEBUG|(0.003) SHOW FULL TABLES; args=None
2020-08-25 16:09:22.969|DEBUG|(0.001) SELECT `django_migrations`.`app`, `django_migrations`.`name` FROM `django_migrations`; args=()
2020-08-25 16:09:30.238|DEBUG|(0.000) SELECT @@SQL_AUTO_IS_NULL; args=None
2020-08-25 16:09:30.238|DEBUG|(0.000) SELECT VERSION(); args=None
2020-08-25 16:09:30.948|DEBUG|(0.003) SHOW FULL TABLES; args=None
2020-08-25 16:09:30.952|DEBUG|(0.001) SELECT `django_migrations`.`app`, `django_migrations`.`name` FROM `django_migrations`; args=()
2020-08-25 16:12:38.609|DEBUG|(0.000) SELECT @@SQL_AUTO_IS_NULL; args=None
2020-08-25 16:12:38.623|DEBUG|(0.000) SELECT VERSION(); args=None
2020-08-25 16:12:39.664|DEBUG|(0.003) SHOW FULL TABLES; args=None
2020-08-25 16:12:39.673|DEBUG|(0.001) SELECT `django_migrations`.`app`, `django_migrations`.`name` FROM `django_migrations`; args=()
2020-08-25 16:13:55.615|DEBUG|(0.000) SELECT @@SQL_AUTO_IS_NULL; args=None
2020-08-25 16:13:55.616|DEBUG|(0.000) SELECT VERSION(); args=None
2020-08-25 16:13:56.554|DEBUG|(0.003) SHOW FULL TABLES; args=None
2020-08-25 16:13:56.563|DEBUG|(0.000) SELECT `django_migrations`.`app`, `django_migrations`.`name` FROM `django_migrations`; args=()
2020-08-25 16:18:25.016|DEBUG|(0.000) SELECT @@SQL_AUTO_IS_NULL; args=None
2020-08-25 16:18:25.017|DEBUG|(0.000) SELECT VERSION(); args=None
2020-08-25 16:18:25.698|DEBUG|(0.003) SHOW FULL TABLES; args=None
2020-08-25 16:18:25.702|DEBUG|(0.001) SELECT `django_migrations`.`app`, `django_migrations`.`name` FROM `django_migrations`; args=()
2020-08-25 16:18:28.802|DEBUG|(0.000) SELECT @@SQL_AUTO_IS_NULL; args=None
2020-08-25 16:18:28.803|DEBUG|(0.000) SELECT VERSION(); args=None
2020-08-25 16:18:29.595|DEBUG|(0.002) SHOW FULL TABLES; args=None
2020-08-25 16:18:29.598|DEBUG|(0.000) SELECT `django_migrations`.`app`, `django_migrations`.`name` FROM `django_migrations`; args=()
2020-08-25 16:18:52.533|DEBUG|(0.000) SELECT @@SQL_AUTO_IS_NULL; args=None
2020-08-25 16:18:52.534|DEBUG|(0.000) SELECT VERSION(); args=None
2020-08-25 16:19:01.089|DEBUG|(0.000) SELECT @@SQL_AUTO_IS_NULL; args=None
2020-08-25 16:19:01.090|DEBUG|(0.000) SELECT VERSION(); args=None
2020-08-25 16:19:19.855|DEBUG|(0.000) SELECT @@SQL_AUTO_IS_NULL; args=None
2020-08-25 16:19:19.855|DEBUG|(0.000) SELECT VERSION(); args=None
2020-08-25 16:19:20.671|DEBUG|(0.002) SHOW FULL TABLES; args=None
2020-08-25 16:19:20.674|DEBUG|(0.000) SELECT `django_migrations`.`app`, `django_migrations`.`name` FROM `django_migrations`; args=()
2020-08-25 16:19:27.448|DEBUG|(0.000) SELECT @@SQL_AUTO_IS_NULL; args=None
2020-08-25 16:19:27.448|DEBUG|(0.000) SELECT VERSION(); args=None
2020-08-25 16:19:28.432|DEBUG|(0.003) SHOW FULL TABLES; args=None
2020-08-25 16:19:28.435|DEBUG|(0.000) SELECT `django_migrations`.`app`, `django_migrations`.`name` FROM `django_migrations`; args=()
2020-08-25 16:19:40.297|DEBUG|(0.000) SELECT @@SQL_AUTO_IS_NULL; args=None
2020-08-25 16:19:40.298|DEBUG|(0.000) SELECT VERSION(); args=None
2020-08-25 16:19:41.097|DEBUG|(0.003) SHOW FULL TABLES; args=None
2020-08-25 16:19:41.101|DEBUG|(0.000) SELECT `django_migrations`.`app`, `django_migrations`.`name` FROM `django_migrations`; args=()
2020-08-25 16:20:28.756|DEBUG|(0.000) SELECT @@SQL_AUTO_IS_NULL; args=None
2020-08-25 16:20:28.757|DEBUG|(0.000) SELECT VERSION(); args=None
2020-08-25 16:20:29.628|DEBUG|(0.002) SHOW FULL TABLES; args=None
2020-08-25 16:20:29.630|DEBUG|(0.000) SELECT `django_migrations`.`app`, `django_migrations`.`name` FROM `django_migrations`; args=()
2020-08-25 16:21:02.673|DEBUG|(0.000) SELECT @@SQL_AUTO_IS_NULL; args=None
2020-08-25 16:21:02.674|DEBUG|(0.000) SELECT VERSION(); args=None
2020-08-25 16:21:03.417|DEBUG|(0.002) SHOW FULL TABLES; args=None
2020-08-25 16:21:03.420|DEBUG|(0.001) SELECT `django_migrations`.`app`, `django_migrations`.`name` FROM `django_migrations`; args=()
2020-08-25 16:21:15.307|DEBUG|(0.000) SELECT @@SQL_AUTO_IS_NULL; args=None
2020-08-25 16:21:15.314|DEBUG|(0.001) SELECT VERSION(); args=None
2020-08-25 16:21:16.283|DEBUG|(0.002) SHOW FULL TABLES; args=None
2020-08-25 16:21:16.286|DEBUG|(0.001) SELECT `django_migrations`.`app`, `django_migrations`.`name` FROM `django_migrations`; args=()
2020-08-25 16:21:27.527|DEBUG|(0.000) SELECT @@SQL_AUTO_IS_NULL; args=None
2020-08-25 16:21:27.528|DEBUG|(0.000) SELECT VERSION(); args=None
2020-08-25 16:21:28.238|DEBUG|(0.003) SHOW FULL TABLES; args=None
2020-08-25 16:21:28.241|DEBUG|(0.001) SELECT `django_migrations`.`app`, `django_migrations`.`name` FROM `django_migrations`; args=()
2020-08-25 16:21:35.816|DEBUG|(0.000) SELECT @@SQL_AUTO_IS_NULL; args=None
2020-08-25 16:21:35.819|DEBUG|(0.000) SELECT VERSION(); args=None
2020-08-25 16:21:36.528|DEBUG|(0.002) SHOW FULL TABLES; args=None
2020-08-25 16:21:36.531|DEBUG|(0.000) SELECT `django_migrations`.`app`, `django_migrations`.`name` FROM `django_migrations`; args=()
2020-08-25 16:21:48.003|DEBUG|(0.000) SELECT @@SQL_AUTO_IS_NULL; args=None
2020-08-25 16:21:48.004|DEBUG|(0.000) SELECT VERSION(); args=None
2020-08-25 16:21:48.863|DEBUG|(0.002) SHOW FULL TABLES; args=None
2020-08-25 16:21:48.866|DEBUG|(0.000) SELECT `django_migrations`.`app`, `django_migrations`.`name` FROM `django_migrations`; args=()
2020-08-25 16:21:51.913|DEBUG|(0.000) SELECT @@SQL_AUTO_IS_NULL; args=None
2020-08-25 16:21:51.914|DEBUG|(0.000) SELECT VERSION(); args=None
2020-08-25 16:21:52.655|DEBUG|(0.003) SHOW FULL TABLES; args=None
2020-08-25 16:21:52.658|DEBUG|(0.000) SELECT `django_migrations`.`app`, `django_migrations`.`name` FROM `django_migrations`; args=()
2020-08-25 16:22:03.118|DEBUG|(0.000) SELECT @@SQL_AUTO_IS_NULL; args=None
2020-08-25 16:22:03.124|DEBUG|(0.000) SELECT VERSION(); args=None
2020-08-25 16:22:03.832|DEBUG|(0.002) SHOW FULL TABLES; args=None
2020-08-25 16:22:03.835|DEBUG|(0.000) SELECT `django_migrations`.`app`, `django_migrations`.`name` FROM `django_migrations`; args=()
2020-08-25 16:22:23.422|DEBUG|(0.000) SELECT @@SQL_AUTO_IS_NULL; args=None
2020-08-25 16:22:23.423|DEBUG|(0.000) SELECT VERSION(); args=None
2020-08-25 16:22:24.327|DEBUG|(0.002) SHOW FULL TABLES; args=None
2020-08-25 16:22:24.330|DEBUG|(0.000) SELECT `django_migrations`.`app`, `django_migrations`.`name` FROM `django_migrations`; args=()
2020-08-25 16:22:58.739|DEBUG|(0.000) SELECT @@SQL_AUTO_IS_NULL; args=None
2020-08-25 16:22:58.741|DEBUG|(0.000) SELECT VERSION(); args=None
2020-08-25 16:22:59.499|DEBUG|(0.002) SHOW FULL TABLES; args=None
2020-08-25 16:22:59.502|DEBUG|(0.000) SELECT `django_migrations`.`app`, `django_migrations`.`name` FROM `django_migrations`; args=()
2020-08-25 16:23:06.918|DEBUG|(0.000) SELECT @@SQL_AUTO_IS_NULL; args=None
2020-08-25 16:23:06.919|DEBUG|(0.001) SELECT VERSION(); args=None
2020-08-25 16:23:07.679|DEBUG|(0.003) SHOW FULL TABLES; args=None
2020-08-25 16:23:07.682|DEBUG|(0.002) SELECT `django_migrations`.`app`, `django_migrations`.`name` FROM `django_migrations`; args=()
2020-08-25 16:23:52.070|DEBUG|(0.000) SELECT @@SQL_AUTO_IS_NULL; args=None
2020-08-25 16:23:52.071|DEBUG|(0.000) SELECT VERSION(); args=None
2020-08-25 16:23:52.894|DEBUG|(0.002) SHOW FULL TABLES; args=None
2020-08-25 16:23:52.898|DEBUG|(0.000) SELECT `django_migrations`.`app`, `django_migrations`.`name` FROM `django_migrations`; args=()
2020-08-25 16:24:11.958|DEBUG|(0.001) SELECT @@SQL_AUTO_IS_NULL; args=None
2020-08-25 16:24:11.959|DEBUG|(0.000) SELECT VERSION(); args=None
2020-08-25 16:24:12.881|DEBUG|(0.002) SHOW FULL TABLES; args=None
2020-08-25 16:24:12.884|DEBUG|(0.000) SELECT `django_migrations`.`app`, `django_migrations`.`name` FROM `django_migrations`; args=()
2020-08-25 16:24:19.179|DEBUG|(0.000) SELECT @@SQL_AUTO_IS_NULL; args=None
2020-08-25 16:24:19.183|DEBUG|(0.000) SELECT VERSION(); args=None
2020-08-25 16:24:20.057|DEBUG|(0.002) SHOW FULL TABLES; args=None
2020-08-25 16:24:20.060|DEBUG|(0.000) SELECT `django_migrations`.`app`, `django_migrations`.`name` FROM `django_migrations`; args=()
2020-08-25 16:24:22.460|DEBUG|(0.000) SELECT @@SQL_AUTO_IS_NULL; args=None
2020-08-25 16:24:22.461|DEBUG|(0.000) SELECT VERSION(); args=None
2020-08-25 16:24:23.269|DEBUG|(0.002) SHOW FULL TABLES; args=None
2020-08-25 16:24:23.271|DEBUG|(0.000) SELECT `django_migrations`.`app`, `django_migrations`.`name` FROM `django_migrations`; args=()
2020-08-25 16:28:41.276|DEBUG|(0.000) SELECT @@SQL_AUTO_IS_NULL; args=None
2020-08-25 16:28:41.277|DEBUG|(0.000) SELECT VERSION(); args=None
2020-08-25 16:28:42.065|DEBUG|(0.002) SHOW FULL TABLES; args=None
2020-08-25 16:28:42.068|DEBUG|(0.000) SELECT `django_migrations`.`app`, `django_migrations`.`name` FROM `django_migrations`; args=()
2020-08-25 16:32:28.075|DEBUG|(0.000) SELECT @@SQL_AUTO_IS_NULL; args=None
2020-08-25 16:32:28.081|DEBUG|(0.000) SELECT VERSION(); args=None
2020-08-25 16:32:29.031|DEBUG|(0.003) SHOW FULL TABLES; args=None
2020-08-25 16:32:29.034|DEBUG|(0.001) SELECT `django_migrations`.`app`, `django_migrations`.`name` FROM `django_migrations`; args=()
2020-08-25 16:32:35.516|DEBUG|(0.000) SELECT @@SQL_AUTO_IS_NULL; args=None
2020-08-25 16:32:35.517|DEBUG|(0.000) SELECT VERSION(); args=None
2020-08-25 16:32:36.394|DEBUG|(0.002) SHOW FULL TABLES; args=None
2020-08-25 16:32:36.397|DEBUG|(0.000) SELECT `django_migrations`.`app`, `django_migrations`.`name` FROM `django_migrations`; args=()
2020-08-25 16:32:50.118|DEBUG|(0.000) SELECT @@SQL_AUTO_IS_NULL; args=None
2020-08-25 16:32:50.119|DEBUG|(0.000) SELECT VERSION(); args=None
2020-08-25 16:32:50.865|DEBUG|(0.002) SHOW FULL TABLES; args=None
2020-08-25 16:32:50.868|DEBUG|(0.000) SELECT `django_migrations`.`app`, `django_migrations`.`name` FROM `django_migrations`; args=()
2020-08-25 16:32:54.070|DEBUG|(0.000) SELECT @@SQL_AUTO_IS_NULL; args=None
2020-08-25 16:32:54.071|DEBUG|(0.000) SELECT VERSION(); args=None
2020-08-25 16:32:54.904|DEBUG|(0.002) SHOW FULL TABLES; args=None
2020-08-25 16:32:54.907|DEBUG|(0.000) SELECT `django_migrations`.`app`, `django_migrations`.`name` FROM `django_migrations`; args=()
2020-08-25 16:32:57.209|DEBUG|(0.000) SELECT @@SQL_AUTO_IS_NULL; args=None
2020-08-25 16:32:57.210|DEBUG|(0.000) SELECT VERSION(); args=None
2020-08-25 16:32:57.998|DEBUG|(0.002) SHOW FULL TABLES; args=None
2020-08-25 16:32:58.001|DEBUG|(0.001) SELECT `django_migrations`.`app`, `django_migrations`.`name` FROM `django_migrations`; args=()
2020-08-25 16:35:13.504|DEBUG|(0.000) SELECT @@SQL_AUTO_IS_NULL; args=None
2020-08-25 16:35:13.504|DEBUG|(0.000) SELECT VERSION(); args=None
2020-08-25 16:35:14.306|DEBUG|(0.002) SHOW FULL TABLES; args=None
2020-08-25 16:35:14.309|DEBUG|(0.000) SELECT `django_migrations`.`app`, `django_migrations`.`name` FROM `django_migrations`; args=()
2020-08-25 16:35:24.838|DEBUG|(0.000) SELECT @@SQL_AUTO_IS_NULL; args=None
2020-08-25 16:35:24.839|DEBUG|(0.000) SELECT VERSION(); args=None
2020-08-25 16:35:25.712|DEBUG|(0.002) SHOW FULL TABLES; args=None
2020-08-25 16:35:25.715|DEBUG|(0.000) SELECT `django_migrations`.`app`, `django_migrations`.`name` FROM `django_migrations`; args=()
2020-08-25 16:35:28.120|DEBUG|(0.000) SELECT @@SQL_AUTO_IS_NULL; args=None
2020-08-25 16:35:28.121|DEBUG|(0.000) SELECT VERSION(); args=None
2020-08-25 16:35:28.986|DEBUG|(0.002) SHOW FULL TABLES; args=None
2020-08-25 16:35:28.990|DEBUG|(0.000) SELECT `django_migrations`.`app`, `django_migrations`.`name` FROM `django_migrations`; args=()
2020-08-25 16:44:24.448|DEBUG|(0.000) SELECT @@SQL_AUTO_IS_NULL; args=None
2020-08-25 16:44:24.448|DEBUG|(0.000) SELECT VERSION(); args=None
2020-08-25 16:44:25.201|DEBUG|(0.002) SHOW FULL TABLES; args=None
2020-08-25 16:44:25.204|DEBUG|(0.000) SELECT `django_migrations`.`app`, `django_migrations`.`name` FROM `django_migrations`; args=()
2020-08-25 17:22:17.564|DEBUG|(0.000) SELECT @@SQL_AUTO_IS_NULL; args=None
2020-08-25 17:22:17.565|DEBUG|(0.000) SELECT VERSION(); args=None
2020-08-25 17:22:24.920|DEBUG|(0.000) SELECT @@SQL_AUTO_IS_NULL; args=None
2020-08-25 17:22:24.921|DEBUG|(0.000) SELECT VERSION(); args=None
2020-08-25 17:23:12.117|DEBUG|(0.000) SELECT @@SQL_AUTO_IS_NULL; args=None
2020-08-25 17:23:12.118|DEBUG|(0.000) SELECT VERSION(); args=None
2020-08-25 17:23:12.893|DEBUG|(0.003) SHOW FULL TABLES; args=None
2020-08-25 17:23:12.896|DEBUG|(0.000) SELECT `django_migrations`.`app`, `django_migrations`.`name` FROM `django_migrations`; args=()
2020-08-25 17:23:26.303|DEBUG|(0.000) SELECT @@SQL_AUTO_IS_NULL; args=None
2020-08-25 17:23:26.303|DEBUG|(0.000) SELECT VERSION(); args=None
2020-08-25 17:23:26.998|DEBUG|(0.002) SHOW FULL TABLES; args=None
2020-08-25 17:23:27.001|DEBUG|(0.000) SELECT `django_migrations`.`app`, `django_migrations`.`name` FROM `django_migrations`; args=()
2020-08-25 17:23:51.705|DEBUG|(0.000) SELECT @@SQL_AUTO_IS_NULL; args=None
2020-08-25 17:23:51.710|DEBUG|(0.000) SELECT VERSION(); args=None
2020-08-25 17:23:52.498|DEBUG|(0.002) SHOW FULL TABLES; args=None
2020-08-25 17:23:52.501|DEBUG|(0.000) SELECT `django_migrations`.`app`, `django_migrations`.`name` FROM `django_migrations`; args=()
2020-08-25 17:24:01.004|DEBUG|(0.000) SELECT @@SQL_AUTO_IS_NULL; args=None
2020-08-25 17:24:01.005|DEBUG|(0.000) SELECT VERSION(); args=None
2020-08-25 17:24:01.712|DEBUG|(0.002) SHOW FULL TABLES; args=None
2020-08-25 17:24:01.714|DEBUG|(0.000) SELECT `django_migrations`.`app`, `django_migrations`.`name` FROM `django_migrations`; args=()
2020-08-25 17:24:24.388|DEBUG|(0.000) SELECT @@SQL_AUTO_IS_NULL; args=None
2020-08-25 17:24:24.388|DEBUG|(0.000) SELECT VERSION(); args=None
2020-08-25 17:24:25.195|DEBUG|(0.002) SHOW FULL TABLES; args=None
2020-08-25 17:24:25.198|DEBUG|(0.000) SELECT `django_migrations`.`app`, `django_migrations`.`name` FROM `django_migrations`; args=()
2020-08-25 17:29:14.980|DEBUG|(0.000) SELECT @@SQL_AUTO_IS_NULL; args=None
2020-08-25 17:29:14.999|DEBUG|(0.000) SELECT VERSION(); args=None
2020-08-25 17:29:17.803|DEBUG|(0.000) SELECT @@SQL_AUTO_IS_NULL; args=None
2020-08-25 17:29:17.804|DEBUG|(0.000) SELECT VERSION(); args=None
2020-08-25 17:29:18.464|DEBUG|(0.002) SHOW FULL TABLES; args=None
2020-08-25 17:29:18.468|DEBUG|(0.001) SELECT `django_migrations`.`app`, `django_migrations`.`name` FROM `django_migrations`; args=()
2020-08-25 17:29:47.302|DEBUG|(0.000) SELECT @@SQL_AUTO_IS_NULL; args=None
2020-08-25 17:29:47.306|DEBUG|(0.000) SELECT VERSION(); args=None
2020-08-25 17:29:48.034|DEBUG|(0.002) SHOW FULL TABLES; args=None
2020-08-25 17:29:48.038|DEBUG|(0.001) SELECT `django_migrations`.`app`, `django_migrations`.`name` FROM `django_migrations`; args=()
2020-08-25 17:30:43.821|DEBUG|(0.000) SELECT @@SQL_AUTO_IS_NULL; args=None
2020-08-25 17:30:43.822|DEBUG|(0.000) SELECT VERSION(); args=None
2020-08-25 17:30:44.583|DEBUG|(0.002) SHOW FULL TABLES; args=None
2020-08-25 17:30:44.585|DEBUG|(0.000) SELECT `django_migrations`.`app`, `django_migrations`.`name` FROM `django_migrations`; args=()
2020-08-25 17:31:42.125|DEBUG|(0.000) SELECT @@SQL_AUTO_IS_NULL; args=None
2020-08-25 17:31:42.126|DEBUG|(0.000) SELECT VERSION(); args=None
2020-08-25 17:31:42.890|DEBUG|(0.002) SHOW FULL TABLES; args=None
2020-08-25 17:31:42.893|DEBUG|(0.001) SELECT `django_migrations`.`app`, `django_migrations`.`name` FROM `django_migrations`; args=()
2020-08-25 17:33:24.706|DEBUG|(0.000) SELECT @@SQL_AUTO_IS_NULL; args=None
2020-08-25 17:33:24.707|DEBUG|(0.000) SELECT VERSION(); args=None
2020-08-25 17:33:25.494|DEBUG|(0.002) SHOW FULL TABLES; args=None
2020-08-25 17:33:25.497|DEBUG|(0.000) SELECT `django_migrations`.`app`, `django_migrations`.`name` FROM `django_migrations`; args=()
2020-08-25 17:36:58.255|DEBUG|(0.000) SELECT @@SQL_AUTO_IS_NULL; args=None
2020-08-25 17:36:58.255|DEBUG|(0.000) SELECT VERSION(); args=None
2020-08-25 17:36:58.983|DEBUG|(0.002) SHOW FULL TABLES; args=None
2020-08-25 17:36:58.985|DEBUG|(0.000) SELECT `django_migrations`.`app`, `django_migrations`.`name` FROM `django_migrations`; args=()
2020-08-25 17:37:22.593|DEBUG|(0.000) SELECT @@SQL_AUTO_IS_NULL; args=None
2020-08-25 17:37:22.594|DEBUG|(0.000) SELECT VERSION(); args=None
2020-08-25 17:37:23.555|DEBUG|(0.002) SHOW FULL TABLES; args=None
2020-08-25 17:37:23.564|DEBUG|(0.007) SELECT `django_migrations`.`app`, `django_migrations`.`name` FROM `django_migrations`; args=()
2020-08-25 17:38:13.249|DEBUG|(0.000) SELECT @@SQL_AUTO_IS_NULL; args=None
2020-08-25 17:38:13.250|DEBUG|(0.000) SELECT VERSION(); args=None
2020-08-25 17:38:13.990|DEBUG|(0.002) SHOW FULL TABLES; args=None
2020-08-25 17:38:13.993|DEBUG|(0.000) SELECT `django_migrations`.`app`, `django_migrations`.`name` FROM `django_migrations`; args=()
2020-08-25 17:41:47.976|DEBUG|(0.000) SELECT @@SQL_AUTO_IS_NULL; args=None
2020-08-25 17:41:47.978|DEBUG|(0.000) SELECT VERSION(); args=None
2020-08-25 17:41:48.747|DEBUG|(0.003) SHOW FULL TABLES; args=None
2020-08-25 17:41:48.750|DEBUG|(0.001) SELECT `django_migrations`.`app`, `django_migrations`.`name` FROM `django_migrations`; args=()
2020-08-25 17:41:58.102|DEBUG|(0.000) SELECT @@SQL_AUTO_IS_NULL; args=None
2020-08-25 17:41:58.103|DEBUG|(0.000) SELECT VERSION(); args=None
2020-08-25 17:41:58.892|DEBUG|(0.005) SHOW FULL TABLES; args=None
2020-08-25 17:41:58.896|DEBUG|(0.000) SELECT `django_migrations`.`app`, `django_migrations`.`name` FROM `django_migrations`; args=()
2020-08-25 17:46:52.524|DEBUG|(0.000) SELECT @@SQL_AUTO_IS_NULL; args=None
2020-08-25 17:46:52.525|DEBUG|(0.000) SELECT VERSION(); args=None
2020-08-25 17:46:53.364|DEBUG|(0.002) SHOW FULL TABLES; args=None
2020-08-25 17:46:53.367|DEBUG|(0.001) SELECT `django_migrations`.`app`, `django_migrations`.`name` FROM `django_migrations`; args=()
2020-08-25 17:47:14.082|DEBUG|(0.000) SELECT @@SQL_AUTO_IS_NULL; args=None
2020-08-25 17:47:14.083|DEBUG|(0.000) SELECT VERSION(); args=None
2020-08-25 17:47:20.916|DEBUG|(0.000) SELECT @@SQL_AUTO_IS_NULL; args=None
2020-08-25 17:47:20.917|DEBUG|(0.000) SELECT VERSION(); args=None
2020-08-25 17:47:21.643|DEBUG|(0.002) SHOW FULL TABLES; args=None
2020-08-25 17:47:21.645|DEBUG|(0.000) SELECT `django_migrations`.`app`, `django_migrations`.`name` FROM `django_migrations`; args=()
2020-08-25 17:47:25.560|DEBUG|(0.000) SELECT @@SQL_AUTO_IS_NULL; args=None
2020-08-25 17:47:25.561|DEBUG|(0.000) SELECT VERSION(); args=None
2020-08-25 17:47:26.334|DEBUG|(0.002) SHOW FULL TABLES; args=None
2020-08-25 17:47:26.338|DEBUG|(0.001) SELECT `django_migrations`.`app`, `django_migrations`.`name` FROM `django_migrations`; args=()
2020-08-25 17:47:50.541|DEBUG|(0.000) SELECT @@SQL_AUTO_IS_NULL; args=None
2020-08-25 17:47:50.542|DEBUG|(0.000) SELECT VERSION(); args=None
2020-08-25 17:47:51.206|DEBUG|(0.002) SHOW FULL TABLES; args=None
2020-08-25 17:47:51.209|DEBUG|(0.000) SELECT `django_migrations`.`app`, `django_migrations`.`name` FROM `django_migrations`; args=()
2020-08-25 17:49:51.044|DEBUG|(0.000) SELECT @@SQL_AUTO_IS_NULL; args=None
2020-08-25 17:49:51.045|DEBUG|(0.000) SELECT VERSION(); args=None
2020-08-25 17:49:51.817|DEBUG|(0.002) SHOW FULL TABLES; args=None
2020-08-25 17:49:51.820|DEBUG|(0.000) SELECT `django_migrations`.`app`, `django_migrations`.`name` FROM `django_migrations`; args=()
2020-08-25 17:50:03.639|DEBUG|(0.000) SELECT @@SQL_AUTO_IS_NULL; args=None
2020-08-25 17:50:03.640|DEBUG|(0.000) SELECT VERSION(); args=None
2020-08-25 17:50:04.583|DEBUG|(0.003) SHOW FULL TABLES; args=None
2020-08-25 17:50:04.586|DEBUG|(0.000) SELECT `django_migrations`.`app`, `django_migrations`.`name` FROM `django_migrations`; args=()
2020-08-25 17:50:56.229|DEBUG|(0.000) SELECT @@SQL_AUTO_IS_NULL; args=None
2020-08-25 17:50:56.230|DEBUG|(0.000) SELECT VERSION(); args=None
2020-08-25 17:50:57.034|DEBUG|(0.003) SHOW FULL TABLES; args=None
2020-08-25 17:50:57.039|DEBUG|(0.001) SELECT `django_migrations`.`app`, `django_migrations`.`name` FROM `django_migrations`; args=()
2020-08-25 17:51:17.281|DEBUG|(0.000) SELECT @@SQL_AUTO_IS_NULL; args=None
2020-08-25 17:51:17.282|DEBUG|(0.000) SELECT VERSION(); args=None
2020-08-25 17:51:17.986|DEBUG|(0.003) SHOW FULL TABLES; args=None
2020-08-25 17:51:17.988|DEBUG|(0.000) SELECT `django_migrations`.`app`, `django_migrations`.`name` FROM `django_migrations`; args=()
2020-08-25 17:51:52.480|DEBUG|(0.000) SELECT @@SQL_AUTO_IS_NULL; args=None
2020-08-25 17:51:52.481|DEBUG|(0.000) SELECT VERSION(); args=None
2020-08-25 17:51:53.232|DEBUG|(0.002) SHOW FULL TABLES; args=None
2020-08-25 17:51:53.235|DEBUG|(0.001) SELECT `django_migrations`.`app`, `django_migrations`.`name` FROM `django_migrations`; args=()
2020-08-25 17:52:55.138|DEBUG|(0.000) SELECT @@SQL_AUTO_IS_NULL; args=None
2020-08-25 17:52:55.139|DEBUG|(0.000) SELECT VERSION(); args=None
2020-08-25 17:52:55.921|DEBUG|(0.002) SHOW FULL TABLES; args=None
2020-08-25 17:52:55.923|DEBUG|(0.000) SELECT `django_migrations`.`app`, `django_migrations`.`name` FROM `django_migrations`; args=()
2020-08-25 17:53:58.704|DEBUG|(0.000) SELECT @@SQL_AUTO_IS_NULL; args=None
2020-08-25 17:53:58.705|DEBUG|(0.000) SELECT VERSION(); args=None
2020-08-25 17:53:59.614|DEBUG|(0.002) SHOW FULL TABLES; args=None
2020-08-25 17:53:59.618|DEBUG|(0.000) SELECT `django_migrations`.`app`, `django_migrations`.`name` FROM `django_migrations`; args=()
2020-08-25 17:54:21.107|DEBUG|(0.000) SELECT @@SQL_AUTO_IS_NULL; args=None
2020-08-25 17:54:21.107|DEBUG|(0.000) SELECT VERSION(); args=None
2020-08-25 17:54:21.964|DEBUG|(0.002) SHOW FULL TABLES; args=None
2020-08-25 17:54:21.966|DEBUG|(0.000) SELECT `django_migrations`.`app`, `django_migrations`.`name` FROM `django_migrations`; args=()
2020-08-25 17:54:33.600|DEBUG|(0.000) SELECT @@SQL_AUTO_IS_NULL; args=None
2020-08-25 17:54:33.600|DEBUG|(0.000) SELECT VERSION(); args=None
2020-08-25 17:54:34.523|DEBUG|(0.002) SHOW FULL TABLES; args=None
2020-08-25 17:54:34.526|DEBUG|(0.000) SELECT `django_migrations`.`app`, `django_migrations`.`name` FROM `django_migrations`; args=()
2020-08-25 18:09:19.418|DEBUG|(0.000) SELECT @@SQL_AUTO_IS_NULL; args=None
2020-08-25 18:09:19.420|DEBUG|(0.000) SELECT VERSION(); args=None
2020-08-25 18:09:20.204|DEBUG|(0.002) SHOW FULL TABLES; args=None
2020-08-25 18:09:20.206|DEBUG|(0.000) SELECT `django_migrations`.`app`, `django_migrations`.`name` FROM `django_migrations`; args=()
2020-08-25 18:09:26.760|DEBUG|(0.000) SELECT @@SQL_AUTO_IS_NULL; args=None
2020-08-25 18:09:26.761|DEBUG|(0.000) SELECT VERSION(); args=None
2020-08-25 18:09:27.559|DEBUG|(0.002) SHOW FULL TABLES; args=None
2020-08-25 18:09:27.562|DEBUG|(0.000) SELECT `django_migrations`.`app`, `django_migrations`.`name` FROM `django_migrations`; args=()
2020-08-25 18:09:32.282|DEBUG|(0.000) SELECT @@SQL_AUTO_IS_NULL; args=None
2020-08-25 18:09:32.283|DEBUG|(0.000) SELECT VERSION(); args=None
2020-08-25 18:09:33.088|DEBUG|(0.003) SHOW FULL TABLES; args=None
2020-08-25 18:09:33.091|DEBUG|(0.000) SELECT `django_migrations`.`app`, `django_migrations`.`name` FROM `django_migrations`; args=()
2020-08-25 18:12:58.852|DEBUG|(0.000) SELECT @@SQL_AUTO_IS_NULL; args=None
2020-08-25 18:12:58.853|DEBUG|(0.000) SELECT VERSION(); args=None
2020-08-25 18:12:59.674|DEBUG|(0.002) SHOW FULL TABLES; args=None
2020-08-25 18:12:59.677|DEBUG|(0.000) SELECT `django_migrations`.`app`, `django_migrations`.`name` FROM `django_migrations`; args=()
2020-08-25 18:13:21.668|DEBUG|(0.000) SELECT @@SQL_AUTO_IS_NULL; args=None
2020-08-25 18:13:21.669|DEBUG|(0.000) SELECT VERSION(); args=None
2020-08-25 18:13:22.461|DEBUG|(0.002) SHOW FULL TABLES; args=None
2020-08-25 18:13:22.464|DEBUG|(0.001) SELECT `django_migrations`.`app`, `django_migrations`.`name` FROM `django_migrations`; args=()
2020-08-25 18:15:05.671|DEBUG|(0.000) SELECT @@SQL_AUTO_IS_NULL; args=None
2020-08-25 18:15:05.672|DEBUG|(0.000) SELECT VERSION(); args=None
2020-08-25 18:15:06.473|DEBUG|(0.002) SHOW FULL TABLES; args=None
2020-08-25 18:15:06.477|DEBUG|(0.001) SELECT `django_migrations`.`app`, `django_migrations`.`name` FROM `django_migrations`; args=()
2020-08-25 18:15:46.908|DEBUG|(0.000) SELECT @@SQL_AUTO_IS_NULL; args=None
2020-08-25 18:15:46.909|DEBUG|(0.000) SELECT VERSION(); args=None
2020-08-25 18:15:47.780|DEBUG|(0.002) SHOW FULL TABLES; args=None
2020-08-25 18:15:47.782|DEBUG|(0.000) SELECT `django_migrations`.`app`, `django_migrations`.`name` FROM `django_migrations`; args=()
2020-08-25 18:15:54.925|DEBUG|(0.000) SELECT @@SQL_AUTO_IS_NULL; args=None
2020-08-25 18:15:54.928|DEBUG|(0.000) SELECT VERSION(); args=None
2020-08-25 18:15:55.693|DEBUG|(0.002) SHOW FULL TABLES; args=None
2020-08-25 18:15:55.695|DEBUG|(0.000) SELECT `django_migrations`.`app`, `django_migrations`.`name` FROM `django_migrations`; args=()
2020-08-25 18:16:26.397|DEBUG|(0.000) SELECT @@SQL_AUTO_IS_NULL; args=None
2020-08-25 18:16:26.398|DEBUG|(0.000) SELECT VERSION(); args=None
2020-08-25 18:16:27.200|DEBUG|(0.002) SHOW FULL TABLES; args=None
2020-08-25 18:16:27.203|DEBUG|(0.000) SELECT `django_migrations`.`app`, `django_migrations`.`name` FROM `django_migrations`; args=()
2020-08-25 18:16:50.726|DEBUG|(0.000) SELECT @@SQL_AUTO_IS_NULL; args=None
2020-08-25 18:16:50.726|DEBUG|(0.000) SELECT VERSION(); args=None
2020-08-25 18:16:57.650|DEBUG|(0.000) SELECT @@SQL_AUTO_IS_NULL; args=None
2020-08-25 18:16:57.654|DEBUG|(0.000) SELECT VERSION(); args=None
2020-08-25 18:17:03.481|DEBUG|(0.000) SELECT @@SQL_AUTO_IS_NULL; args=None
2020-08-25 18:17:03.482|DEBUG|(0.000) SELECT VERSION(); args=None
2020-08-25 18:17:04.454|DEBUG|(0.003) SHOW FULL TABLES; args=None
2020-08-25 18:17:04.457|DEBUG|(0.001) SELECT `django_migrations`.`app`, `django_migrations`.`name` FROM `django_migrations`; args=()
2020-08-25 18:17:42.287|DEBUG|(0.000) SELECT @@SQL_AUTO_IS_NULL; args=None
2020-08-25 18:17:42.287|DEBUG|(0.000) SELECT VERSION(); args=None
2020-08-25 18:17:43.255|DEBUG|(0.002) SHOW FULL TABLES; args=None
2020-08-25 18:17:43.258|DEBUG|(0.000) SELECT `django_migrations`.`app`, `django_migrations`.`name` FROM `django_migrations`; args=()
2020-08-25 18:22:02.244|DEBUG|(0.000) SELECT @@SQL_AUTO_IS_NULL; args=None
2020-08-25 18:22:02.245|DEBUG|(0.000) SELECT VERSION(); args=None
2020-08-25 18:22:03.103|DEBUG|(0.002) SHOW FULL TABLES; args=None
2020-08-25 18:22:03.106|DEBUG|(0.000) SELECT `django_migrations`.`app`, `django_migrations`.`name` FROM `django_migrations`; args=()
2020-08-25 18:22:12.713|DEBUG|(0.000) SELECT @@SQL_AUTO_IS_NULL; args=None
2020-08-25 18:22:12.714|DEBUG|(0.000) SELECT VERSION(); args=None
2020-08-25 18:22:13.502|DEBUG|(0.002) SHOW FULL TABLES; args=None
2020-08-25 18:22:13.504|DEBUG|(0.000) SELECT `django_migrations`.`app`, `django_migrations`.`name` FROM `django_migrations`; args=()
2020-08-25 18:22:21.044|DEBUG|(0.000) SELECT @@SQL_AUTO_IS_NULL; args=None
2020-08-25 18:22:21.045|DEBUG|(0.000) SELECT VERSION(); args=None
2020-08-25 18:22:21.846|DEBUG|(0.018) SHOW FULL TABLES; args=None
2020-08-25 18:22:21.851|DEBUG|(0.001) SELECT `django_migrations`.`app`, `django_migrations`.`name` FROM `django_migrations`; args=()
2020-08-25 18:22:25.441|DEBUG|(0.000) SELECT @@SQL_AUTO_IS_NULL; args=None
2020-08-25 18:22:25.442|DEBUG|(0.000) SELECT VERSION(); args=None
2020-08-25 18:22:26.278|DEBUG|(0.002) SHOW FULL TABLES; args=None
2020-08-25 18:22:26.282|DEBUG|(0.000) SELECT `django_migrations`.`app`, `django_migrations`.`name` FROM `django_migrations`; args=()
2020-08-25 18:23:24.056|DEBUG|(0.000) SELECT @@SQL_AUTO_IS_NULL; args=None
2020-08-25 18:23:24.057|DEBUG|(0.000) SELECT VERSION(); args=None
2020-08-25 18:23:24.874|DEBUG|(0.002) SHOW FULL TABLES; args=None
2020-08-25 18:23:24.878|DEBUG|(0.000) SELECT `django_migrations`.`app`, `django_migrations`.`name` FROM `django_migrations`; args=()
2020-08-25 18:23:31.167|DEBUG|(0.000) SELECT @@SQL_AUTO_IS_NULL; args=None
2020-08-25 18:23:31.168|DEBUG|(0.000) SELECT VERSION(); args=None
2020-08-25 18:23:32.140|DEBUG|(0.002) SHOW FULL TABLES; args=None
2020-08-25 18:23:32.142|DEBUG|(0.000) SELECT `django_migrations`.`app`, `django_migrations`.`name` FROM `django_migrations`; args=()
2020-08-25 18:23:35.867|DEBUG|(0.000) SELECT @@SQL_AUTO_IS_NULL; args=None
2020-08-25 18:23:35.868|DEBUG|(0.000) SELECT VERSION(); args=None
2020-08-25 18:23:36.743|DEBUG|(0.003) SHOW FULL TABLES; args=None
2020-08-25 18:23:36.748|DEBUG|(0.001) SELECT `django_migrations`.`app`, `django_migrations`.`name` FROM `django_migrations`; args=()
2020-08-25 19:24:26.867|DEBUG|(0.000) SELECT @@SQL_AUTO_IS_NULL; args=None
2020-08-25 19:24:26.868|DEBUG|(0.000) SELECT VERSION(); args=None
2020-08-25 19:24:27.680|DEBUG|(0.002) SHOW FULL TABLES; args=None
2020-08-25 19:24:27.683|DEBUG|(0.000) SELECT `django_migrations`.`app`, `django_migrations`.`name` FROM `django_migrations`; args=()
2020-08-25 19:33:07.803|DEBUG|(0.000) SELECT @@SQL_AUTO_IS_NULL; args=None
2020-08-25 19:33:07.804|DEBUG|(0.000) SELECT VERSION(); args=None
2020-08-25 19:33:08.531|DEBUG|(0.002) SHOW FULL TABLES; args=None
2020-08-25 19:33:08.534|DEBUG|(0.000) SELECT `django_migrations`.`app`, `django_migrations`.`name` FROM `django_migrations`; args=()
2020-08-25 19:46:56.115|DEBUG|(0.000) SELECT @@SQL_AUTO_IS_NULL; args=None
2020-08-25 19:46:56.116|DEBUG|(0.000) SELECT VERSION(); args=None
2020-08-25 19:46:56.802|DEBUG|(0.002) SHOW FULL TABLES; args=None
2020-08-25 19:46:56.806|DEBUG|(0.000) SELECT `django_migrations`.`app`, `django_migrations`.`name` FROM `django_migrations`; args=()
2020-08-25 19:52:52.661|DEBUG|(0.000) SELECT @@SQL_AUTO_IS_NULL; args=None
2020-08-25 19:52:52.662|DEBUG|(0.000) SELECT VERSION(); args=None
2020-08-25 19:52:53.526|DEBUG|(0.002) SHOW FULL TABLES; args=None
2020-08-25 19:52:53.529|DEBUG|(0.000) SELECT `django_migrations`.`app`, `django_migrations`.`name` FROM `django_migrations`; args=()
2020-08-25 19:52:58.847|DEBUG|(0.000) SELECT @@SQL_AUTO_IS_NULL; args=None
2020-08-25 19:52:58.847|DEBUG|(0.000) SELECT VERSION(); args=None
2020-08-25 19:52:59.682|DEBUG|(0.003) SHOW FULL TABLES; args=None
2020-08-25 19:52:59.686|DEBUG|(0.001) SELECT `django_migrations`.`app`, `django_migrations`.`name` FROM `django_migrations`; args=()
2020-08-25 19:53:22.439|DEBUG|(0.000) SELECT @@SQL_AUTO_IS_NULL; args=None
2020-08-25 19:53:22.440|DEBUG|(0.000) SELECT VERSION(); args=None
2020-08-25 19:53:23.415|DEBUG|(0.002) SHOW FULL TABLES; args=None
2020-08-25 19:53:23.418|DEBUG|(0.002) SELECT `django_migrations`.`app`, `django_migrations`.`name` FROM `django_migrations`; args=()
2020-08-25 19:56:01.494|DEBUG|(0.000) SELECT @@SQL_AUTO_IS_NULL; args=None
2020-08-25 19:56:01.495|DEBUG|(0.000) SELECT VERSION(); args=None
2020-08-25 19:56:02.240|DEBUG|(0.002) SHOW FULL TABLES; args=None
2020-08-25 19:56:02.243|DEBUG|(0.000) SELECT `django_migrations`.`app`, `django_migrations`.`name` FROM `django_migrations`; args=()
2020-08-25 19:59:00.032|DEBUG|(0.000) SELECT @@SQL_AUTO_IS_NULL; args=None
2020-08-25 19:59:00.144|DEBUG|(0.001) SELECT VERSION(); args=None
2020-08-25 19:59:01.415|DEBUG|(0.002) SHOW FULL TABLES; args=None
2020-08-25 19:59:01.420|DEBUG|(0.000) SELECT `django_migrations`.`app`, `django_migrations`.`name` FROM `django_migrations`; args=()
2020-08-25 20:00:58.389|DEBUG|(0.000) SELECT @@SQL_AUTO_IS_NULL; args=None
2020-08-25 20:00:58.390|DEBUG|(0.000) SELECT VERSION(); args=None
2020-08-25 20:00:59.245|DEBUG|(0.006) SHOW FULL TABLES; args=None
2020-08-25 20:00:59.248|DEBUG|(0.000) SELECT `django_migrations`.`app`, `django_migrations`.`name` FROM `django_migrations`; args=()
2020-08-25 20:02:03.156|DEBUG|(0.000) SELECT @@SQL_AUTO_IS_NULL; args=None
2020-08-25 20:02:03.157|DEBUG|(0.000) SELECT VERSION(); args=None
2020-08-25 20:02:04.079|DEBUG|(0.004) SHOW FULL TABLES; args=None
2020-08-25 20:02:04.082|DEBUG|(0.001) SELECT `django_migrations`.`app`, `django_migrations`.`name` FROM `django_migrations`; args=()
2020-08-25 20:03:03.477|DEBUG|(0.000) SELECT @@SQL_AUTO_IS_NULL; args=None
2020-08-25 20:03:03.477|DEBUG|(0.000) SELECT VERSION(); args=None
2020-08-25 20:03:04.196|DEBUG|(0.002) SHOW FULL TABLES; args=None
2020-08-25 20:03:04.199|DEBUG|(0.000) SELECT `django_migrations`.`app`, `django_migrations`.`name` FROM `django_migrations`; args=()
2020-08-25 20:03:28.836|DEBUG|(0.000) SELECT @@SQL_AUTO_IS_NULL; args=None
2020-08-25 20:03:28.836|DEBUG|(0.000) SELECT VERSION(); args=None
2020-08-25 20:03:42.532|DEBUG|(0.004) SELECT @@SQL_AUTO_IS_NULL; args=None
2020-08-25 20:03:42.533|DEBUG|(0.000) SELECT VERSION(); args=None
2020-08-25 20:03:43.364|DEBUG|(0.003) SHOW FULL TABLES; args=None
2020-08-25 20:03:43.367|DEBUG|(0.000) SELECT `django_migrations`.`app`, `django_migrations`.`name` FROM `django_migrations`; args=()
2020-08-25 20:03:46.773|DEBUG|(0.000) SELECT @@SQL_AUTO_IS_NULL; args=None
2020-08-25 20:03:46.774|DEBUG|(0.000) SELECT VERSION(); args=None
2020-08-25 20:03:47.542|DEBUG|(0.002) SHOW FULL TABLES; args=None
2020-08-25 20:03:47.544|DEBUG|(0.000) SELECT `django_migrations`.`app`, `django_migrations`.`name` FROM `django_migrations`; args=()
2020-08-25 20:04:27.484|DEBUG|(0.000) SELECT @@SQL_AUTO_IS_NULL; args=None
2020-08-25 20:04:27.484|DEBUG|(0.000) SELECT VERSION(); args=None
2020-08-25 20:04:28.388|DEBUG|(0.002) SHOW FULL TABLES; args=None
2020-08-25 20:04:28.390|DEBUG|(0.000) SELECT `django_migrations`.`app`, `django_migrations`.`name` FROM `django_migrations`; args=()
2020-08-25 20:04:31.800|DEBUG|(0.000) SELECT @@SQL_AUTO_IS_NULL; args=None
2020-08-25 20:04:31.801|DEBUG|(0.000) SELECT VERSION(); args=None
2020-08-25 20:04:32.546|DEBUG|(0.002) SHOW FULL TABLES; args=None
2020-08-25 20:04:32.549|DEBUG|(0.000) SELECT `django_migrations`.`app`, `django_migrations`.`name` FROM `django_migrations`; args=()
2020-08-25 20:04:39.049|DEBUG|(0.000) SELECT @@SQL_AUTO_IS_NULL; args=None
2020-08-25 20:04:39.050|DEBUG|(0.000) SELECT VERSION(); args=None
2020-08-25 20:04:39.825|DEBUG|(0.002) SHOW FULL TABLES; args=None
2020-08-25 20:04:39.828|DEBUG|(0.001) SELECT `django_migrations`.`app`, `django_migrations`.`name` FROM `django_migrations`; args=()
2020-08-25 20:04:41.970|DEBUG|(0.000) SELECT @@SQL_AUTO_IS_NULL; args=None
2020-08-25 20:04:41.971|DEBUG|(0.000) SELECT VERSION(); args=None
2020-08-25 20:04:42.881|DEBUG|(0.025) SHOW FULL TABLES; args=None
2020-08-25 20:04:42.885|DEBUG|(0.001) SELECT `django_migrations`.`app`, `django_migrations`.`name` FROM `django_migrations`; args=()
2020-08-25 20:05:32.572|DEBUG|(0.000) SELECT @@SQL_AUTO_IS_NULL; args=None
2020-08-25 20:05:32.573|DEBUG|(0.000) SELECT VERSION(); args=None
2020-08-25 20:05:33.524|DEBUG|(0.002) SHOW FULL TABLES; args=None
2020-08-25 20:05:33.528|DEBUG|(0.000) SELECT `django_migrations`.`app`, `django_migrations`.`name` FROM `django_migrations`; args=()
2020-08-25 20:06:18.762|DEBUG|(0.000) SELECT @@SQL_AUTO_IS_NULL; args=None
2020-08-25 20:06:18.763|DEBUG|(0.000) SELECT VERSION(); args=None
2020-08-25 20:06:19.525|DEBUG|(0.002) SHOW FULL TABLES; args=None
2020-08-25 20:06:19.527|DEBUG|(0.000) SELECT `django_migrations`.`app`, `django_migrations`.`name` FROM `django_migrations`; args=()
2020-08-25 20:06:27.283|DEBUG|(0.000) SELECT @@SQL_AUTO_IS_NULL; args=None
2020-08-25 20:06:27.284|DEBUG|(0.000) SELECT VERSION(); args=None
2020-08-25 20:06:28.077|DEBUG|(0.002) SHOW FULL TABLES; args=None
2020-08-25 20:06:28.080|DEBUG|(0.000) SELECT `django_migrations`.`app`, `django_migrations`.`name` FROM `django_migrations`; args=()
2020-08-25 20:06:34.414|DEBUG|(0.000) SELECT @@SQL_AUTO_IS_NULL; args=None
2020-08-25 20:06:34.414|DEBUG|(0.000) SELECT VERSION(); args=None
2020-08-25 20:06:35.223|DEBUG|(0.002) SHOW FULL TABLES; args=None
2020-08-25 20:06:35.226|DEBUG|(0.000) SELECT `django_migrations`.`app`, `django_migrations`.`name` FROM `django_migrations`; args=()
2020-08-25 20:06:40.423|DEBUG|(0.000) SELECT @@SQL_AUTO_IS_NULL; args=None
2020-08-25 20:06:40.424|DEBUG|(0.000) SELECT VERSION(); args=None
2020-08-25 20:06:41.161|DEBUG|(0.002) SHOW FULL TABLES; args=None
2020-08-25 20:06:41.164|DEBUG|(0.001) SELECT `django_migrations`.`app`, `django_migrations`.`name` FROM `django_migrations`; args=()
2020-08-25 20:06:44.373|DEBUG|(0.000) SELECT @@SQL_AUTO_IS_NULL; args=None
2020-08-25 20:06:44.374|DEBUG|(0.000) SELECT VERSION(); args=None
2020-08-25 20:06:45.150|DEBUG|(0.003) SHOW FULL TABLES; args=None
2020-08-25 20:06:45.153|DEBUG|(0.001) SELECT `django_migrations`.`app`, `django_migrations`.`name` FROM `django_migrations`; args=()
2020-08-25 20:15:33.548|DEBUG|(0.006) SELECT @@SQL_AUTO_IS_NULL; args=None
2020-08-25 20:15:33.560|DEBUG|(0.011) SELECT VERSION(); args=None
2020-08-25 20:15:41.313|DEBUG|(0.000) SELECT @@SQL_AUTO_IS_NULL; args=None
2020-08-25 20:15:41.314|DEBUG|(0.000) SELECT VERSION(); args=None
2020-08-25 20:15:42.463|DEBUG|(0.144) SHOW FULL TABLES; args=None
2020-08-25 20:15:42.469|DEBUG|(0.001) SELECT `django_migrations`.`app`, `django_migrations`.`name` FROM `django_migrations`; args=()
2020-08-25 20:15:48.074|DEBUG|(0.000) SELECT @@SQL_AUTO_IS_NULL; args=None
2020-08-25 20:15:48.075|DEBUG|(0.000) SELECT VERSION(); args=None
2020-08-25 20:15:49.029|DEBUG|(0.003) SHOW FULL TABLES; args=None
2020-08-25 20:15:49.033|DEBUG|(0.000) SELECT `django_migrations`.`app`, `django_migrations`.`name` FROM `django_migrations`; args=()
2020-08-25 20:16:00.648|DEBUG|(0.000) SELECT @@SQL_AUTO_IS_NULL; args=None
2020-08-25 20:16:00.649|DEBUG|(0.000) SELECT VERSION(); args=None
2020-08-25 20:16:01.596|DEBUG|(0.002) SHOW FULL TABLES; args=None
2020-08-25 20:16:01.601|DEBUG|(0.001) SELECT `django_migrations`.`app`, `django_migrations`.`name` FROM `django_migrations`; args=()
2020-08-25 20:20:50.089|DEBUG|(0.032) SELECT @@SQL_AUTO_IS_NULL; args=None
2020-08-25 20:20:50.104|DEBUG|(0.001) SELECT VERSION(); args=None
2020-08-25 20:20:51.376|DEBUG|(0.148) SHOW FULL TABLES; args=None
2020-08-25 20:20:51.385|DEBUG|(0.002) SELECT `django_migrations`.`app`, `django_migrations`.`name` FROM `django_migrations`; args=()
2020-08-25 20:28:22.279|DEBUG|(0.000) SELECT @@SQL_AUTO_IS_NULL; args=None
2020-08-25 20:28:22.295|DEBUG|(0.000) SELECT VERSION(); args=None
2020-08-25 20:28:24.116|DEBUG|(0.004) SHOW FULL TABLES; args=None
2020-08-25 20:28:24.119|DEBUG|(0.000) SELECT `django_migrations`.`app`, `django_migrations`.`name` FROM `django_migrations`; args=()
2020-08-25 20:28:27.813|DEBUG|(0.000) SELECT @@SQL_AUTO_IS_NULL; args=None
2020-08-25 20:28:27.813|DEBUG|(0.000) SELECT VERSION(); args=None
2020-08-25 20:28:28.650|DEBUG|(0.002) SHOW FULL TABLES; args=None
2020-08-25 20:28:28.652|DEBUG|(0.000) SELECT `django_migrations`.`app`, `django_migrations`.`name` FROM `django_migrations`; args=()
2020-08-25 20:29:15.828|DEBUG|(0.000) SELECT @@SQL_AUTO_IS_NULL; args=None
2020-08-25 20:29:15.829|DEBUG|(0.000) SELECT VERSION(); args=None
2020-08-25 20:29:16.711|DEBUG|(0.002) SHOW FULL TABLES; args=None
2020-08-25 20:29:16.714|DEBUG|(0.000) SELECT `django_migrations`.`app`, `django_migrations`.`name` FROM `django_migrations`; args=()
2020-08-25 20:35:00.141|DEBUG|(0.000) SELECT @@SQL_AUTO_IS_NULL; args=None
2020-08-25 20:35:00.141|DEBUG|(0.000) SELECT VERSION(); args=None
2020-08-25 20:35:01.092|DEBUG|(0.002) SHOW FULL TABLES; args=None
2020-08-25 20:35:01.095|DEBUG|(0.000) SELECT `django_migrations`.`app`, `django_migrations`.`name` FROM `django_migrations`; args=()
2020-08-25 20:38:27.341|DEBUG|(0.000) SELECT @@SQL_AUTO_IS_NULL; args=None
2020-08-25 20:38:27.342|DEBUG|(0.000) SELECT VERSION(); args=None
2020-08-25 20:38:30.272|DEBUG|(0.000) SELECT @@SQL_AUTO_IS_NULL; args=None
2020-08-25 20:38:30.272|DEBUG|(0.000) SELECT VERSION(); args=None
2020-08-25 20:38:31.184|DEBUG|(0.002) SHOW FULL TABLES; args=None
2020-08-25 20:38:31.188|DEBUG|(0.000) SELECT `django_migrations`.`app`, `django_migrations`.`name` FROM `django_migrations`; args=()
2020-08-25 20:38:43.360|DEBUG|(0.000) SELECT @@SQL_AUTO_IS_NULL; args=None
2020-08-25 20:38:43.361|DEBUG|(0.000) SELECT VERSION(); args=None
2020-08-25 20:38:44.038|DEBUG|(0.002) SHOW FULL TABLES; args=None
2020-08-25 20:38:44.041|DEBUG|(0.000) SELECT `django_migrations`.`app`, `django_migrations`.`name` FROM `django_migrations`; args=()
2020-08-25 20:39:08.784|DEBUG|(0.000) SELECT @@SQL_AUTO_IS_NULL; args=None
2020-08-25 20:39:08.785|DEBUG|(0.000) SELECT VERSION(); args=None
2020-08-25 20:39:09.688|DEBUG|(0.003) SHOW FULL TABLES; args=None
2020-08-25 20:39:09.691|DEBUG|(0.000) SELECT `django_migrations`.`app`, `django_migrations`.`name` FROM `django_migrations`; args=()
2020-08-25 20:41:01.020|DEBUG|(0.000) SELECT @@SQL_AUTO_IS_NULL; args=None
2020-08-25 20:41:01.020|DEBUG|(0.000) SELECT VERSION(); args=None
2020-08-25 20:41:01.968|DEBUG|(0.002) SHOW FULL TABLES; args=None
2020-08-25 20:41:01.971|DEBUG|(0.000) SELECT `django_migrations`.`app`, `django_migrations`.`name` FROM `django_migrations`; args=()
2020-08-25 20:41:23.702|DEBUG|(0.001) SELECT @@SQL_AUTO_IS_NULL; args=None
2020-08-25 20:41:23.703|DEBUG|(0.000) SELECT VERSION(); args=None
2020-08-25 20:41:24.445|DEBUG|(0.002) SHOW FULL TABLES; args=None
2020-08-25 20:41:24.448|DEBUG|(0.000) SELECT `django_migrations`.`app`, `django_migrations`.`name` FROM `django_migrations`; args=()
2020-08-25 20:41:31.209|DEBUG|(0.000) SELECT @@SQL_AUTO_IS_NULL; args=None
2020-08-25 20:41:31.210|DEBUG|(0.000) SELECT VERSION(); args=None
2020-08-25 20:41:31.926|DEBUG|(0.003) SHOW FULL TABLES; args=None
2020-08-25 20:41:31.929|DEBUG|(0.001) SELECT `django_migrations`.`app`, `django_migrations`.`name` FROM `django_migrations`; args=()
2020-08-25 20:41:38.203|DEBUG|(0.000) SELECT @@SQL_AUTO_IS_NULL; args=None
2020-08-25 20:41:38.204|DEBUG|(0.000) SELECT VERSION(); args=None
2020-08-25 20:41:38.907|DEBUG|(0.003) SHOW FULL TABLES; args=None
2020-08-25 20:41:38.910|DEBUG|(0.001) SELECT `django_migrations`.`app`, `django_migrations`.`name` FROM `django_migrations`; args=()
2020-08-25 20:41:55.650|DEBUG|(0.000) SELECT @@SQL_AUTO_IS_NULL; args=None
2020-08-25 20:41:55.651|DEBUG|(0.000) SELECT VERSION(); args=None
2020-08-25 20:41:56.403|DEBUG|(0.002) SHOW FULL TABLES; args=None
2020-08-25 20:41:56.405|DEBUG|(0.000) SELECT `django_migrations`.`app`, `django_migrations`.`name` FROM `django_migrations`; args=()
2020-08-25 20:42:26.396|DEBUG|(0.000) SELECT @@SQL_AUTO_IS_NULL; args=None
2020-08-25 20:42:26.397|DEBUG|(0.000) SELECT VERSION(); args=None
2020-08-25 20:42:27.288|DEBUG|(0.003) SHOW FULL TABLES; args=None
2020-08-25 20:42:27.291|DEBUG|(0.000) SELECT `django_migrations`.`app`, `django_migrations`.`name` FROM `django_migrations`; args=()
2020-08-25 20:58:57.864|DEBUG|(0.000) SELECT @@SQL_AUTO_IS_NULL; args=None
2020-08-25 20:58:57.865|DEBUG|(0.000) SELECT VERSION(); args=None
2020-08-25 20:58:58.604|DEBUG|(0.003) SHOW FULL TABLES; args=None
2020-08-25 20:58:58.607|DEBUG|(0.000) SELECT `django_migrations`.`app`, `django_migrations`.`name` FROM `django_migrations`; args=()
2020-08-25 21:11:58.669|DEBUG|(0.000) SELECT @@SQL_AUTO_IS_NULL; args=None
2020-08-25 21:11:58.669|DEBUG|(0.000) SELECT VERSION(); args=None
2020-08-25 21:11:59.424|DEBUG|(0.002) SHOW FULL TABLES; args=None
2020-08-25 21:11:59.428|DEBUG|(0.001) SELECT `django_migrations`.`app`, `django_migrations`.`name` FROM `django_migrations`; args=()
2020-08-25 21:12:09.834|DEBUG|(0.000) SELECT @@SQL_AUTO_IS_NULL; args=None
2020-08-25 21:12:09.835|DEBUG|(0.000) SELECT VERSION(); args=None
2020-08-25 21:12:10.629|DEBUG|(0.003) SHOW FULL TABLES; args=None
2020-08-25 21:12:10.632|DEBUG|(0.000) SELECT `django_migrations`.`app`, `django_migrations`.`name` FROM `django_migrations`; args=()
2020-08-25 21:12:18.337|DEBUG|(0.000) SELECT @@SQL_AUTO_IS_NULL; args=None
2020-08-25 21:12:18.338|DEBUG|(0.000) SELECT VERSION(); args=None
2020-08-25 21:12:19.339|DEBUG|(0.003) SHOW FULL TABLES; args=None
2020-08-25 21:12:19.342|DEBUG|(0.000) SELECT `django_migrations`.`app`, `django_migrations`.`name` FROM `django_migrations`; args=()
2020-08-25 21:13:05.259|DEBUG|(0.000) SELECT @@SQL_AUTO_IS_NULL; args=None
2020-08-25 21:13:05.260|DEBUG|(0.000) SELECT VERSION(); args=None
2020-08-25 21:13:06.048|DEBUG|(0.002) SHOW FULL TABLES; args=None
2020-08-25 21:13:06.052|DEBUG|(0.001) SELECT `django_migrations`.`app`, `django_migrations`.`name` FROM `django_migrations`; args=()
2020-08-25 21:13:13.799|DEBUG|(0.000) SELECT @@SQL_AUTO_IS_NULL; args=None
2020-08-25 21:13:13.800|DEBUG|(0.000) SELECT VERSION(); args=None
2020-08-25 21:13:14.676|DEBUG|(0.002) SHOW FULL TABLES; args=None
2020-08-25 21:13:14.679|DEBUG|(0.000) SELECT `django_migrations`.`app`, `django_migrations`.`name` FROM `django_migrations`; args=()
2020-08-25 21:13:19.809|DEBUG|(0.000) SELECT @@SQL_AUTO_IS_NULL; args=None
2020-08-25 21:13:19.810|DEBUG|(0.000) SELECT VERSION(); args=None
2020-08-25 21:13:20.613|DEBUG|(0.002) SHOW FULL TABLES; args=None
2020-08-25 21:13:20.617|DEBUG|(0.000) SELECT `django_migrations`.`app`, `django_migrations`.`name` FROM `django_migrations`; args=()
2020-08-25 21:13:31.196|DEBUG|(0.000) SELECT @@SQL_AUTO_IS_NULL; args=None
2020-08-25 21:13:31.197|DEBUG|(0.000) SELECT VERSION(); args=None
2020-08-25 21:13:32.054|DEBUG|(0.002) SHOW FULL TABLES; args=None
2020-08-25 21:13:32.057|DEBUG|(0.000) SELECT `django_migrations`.`app`, `django_migrations`.`name` FROM `django_migrations`; args=()
2020-08-25 21:13:34.285|DEBUG|(0.000) SELECT @@SQL_AUTO_IS_NULL; args=None
2020-08-25 21:13:34.286|DEBUG|(0.000) SELECT VERSION(); args=None
2020-08-25 21:13:35.073|DEBUG|(0.027) SHOW FULL TABLES; args=None
2020-08-25 21:13:35.076|DEBUG|(0.000) SELECT `django_migrations`.`app`, `django_migrations`.`name` FROM `django_migrations`; args=()
2020-08-25 21:15:40.316|DEBUG|(0.000) SELECT @@SQL_AUTO_IS_NULL; args=None
2020-08-25 21:15:40.317|DEBUG|(0.000) SELECT VERSION(); args=None
2020-08-25 21:15:41.385|DEBUG|(0.002) SHOW FULL TABLES; args=None
2020-08-25 21:15:41.388|DEBUG|(0.000) SELECT `django_migrations`.`app`, `django_migrations`.`name` FROM `django_migrations`; args=()
2020-08-25 21:16:59.111|DEBUG|(0.000) SELECT @@SQL_AUTO_IS_NULL; args=None
2020-08-25 21:16:59.112|DEBUG|(0.000) SELECT VERSION(); args=None
2020-08-25 21:17:00.003|DEBUG|(0.002) SHOW FULL TABLES; args=None
2020-08-25 21:17:00.006|DEBUG|(0.000) SELECT `django_migrations`.`app`, `django_migrations`.`name` FROM `django_migrations`; args=()
2020-08-25 21:17:09.502|DEBUG|(0.000) SELECT @@SQL_AUTO_IS_NULL; args=None
2020-08-25 21:17:09.503|DEBUG|(0.000) SELECT VERSION(); args=None
2020-08-25 21:17:10.261|DEBUG|(0.003) SHOW FULL TABLES; args=None
2020-08-25 21:17:10.263|DEBUG|(0.000) SELECT `django_migrations`.`app`, `django_migrations`.`name` FROM `django_migrations`; args=()
2020-08-25 21:17:33.033|DEBUG|(0.000) SELECT @@SQL_AUTO_IS_NULL; args=None
2020-08-25 21:17:33.034|DEBUG|(0.000) SELECT VERSION(); args=None
2020-08-25 21:17:33.791|DEBUG|(0.002) SHOW FULL TABLES; args=None
2020-08-25 21:17:33.795|DEBUG|(0.000) SELECT `django_migrations`.`app`, `django_migrations`.`name` FROM `django_migrations`; args=()
2020-08-25 21:17:39.262|DEBUG|(0.000) SELECT @@SQL_AUTO_IS_NULL; args=None
2020-08-25 21:17:39.263|DEBUG|(0.000) SELECT VERSION(); args=None
2020-08-25 21:17:40.087|DEBUG|(0.002) SHOW FULL TABLES; args=None
2020-08-25 21:17:40.090|DEBUG|(0.000) SELECT `django_migrations`.`app`, `django_migrations`.`name` FROM `django_migrations`; args=()
2020-08-25 21:17:43.756|DEBUG|(0.000) SELECT @@SQL_AUTO_IS_NULL; args=None
2020-08-25 21:17:43.757|DEBUG|(0.000) SELECT VERSION(); args=None
2020-08-25 21:17:44.518|DEBUG|(0.002) SHOW FULL TABLES; args=None
2020-08-25 21:17:44.521|DEBUG|(0.000) SELECT `django_migrations`.`app`, `django_migrations`.`name` FROM `django_migrations`; args=()
2020-08-25 21:17:57.198|DEBUG|(0.000) SELECT @@SQL_AUTO_IS_NULL; args=None
2020-08-25 21:17:57.199|DEBUG|(0.000) SELECT VERSION(); args=None
2020-08-25 21:17:57.923|DEBUG|(0.003) SHOW FULL TABLES; args=None
2020-08-25 21:17:57.926|DEBUG|(0.000) SELECT `django_migrations`.`app`, `django_migrations`.`name` FROM `django_migrations`; args=()
2020-08-25 21:18:11.351|DEBUG|(0.000) SELECT @@SQL_AUTO_IS_NULL; args=None
2020-08-25 21:18:11.353|DEBUG|(0.001) SELECT VERSION(); args=None
2020-08-25 21:18:12.264|DEBUG|(0.002) SHOW FULL TABLES; args=None
2020-08-25 21:18:12.266|DEBUG|(0.000) SELECT `django_migrations`.`app`, `django_migrations`.`name` FROM `django_migrations`; args=()
2020-08-25 21:18:36.169|DEBUG|(0.000) SELECT @@SQL_AUTO_IS_NULL; args=None
2020-08-25 21:18:36.173|DEBUG|(0.001) SELECT VERSION(); args=None
2020-08-25 21:18:37.060|DEBUG|(0.002) SHOW FULL TABLES; args=None
2020-08-25 21:18:37.063|DEBUG|(0.000) SELECT `django_migrations`.`app`, `django_migrations`.`name` FROM `django_migrations`; args=()
2020-08-25 21:18:56.034|DEBUG|(0.000) SELECT @@SQL_AUTO_IS_NULL; args=None
2020-08-25 21:18:56.034|DEBUG|(0.000) SELECT VERSION(); args=None
2020-08-25 21:18:57.011|DEBUG|(0.003) SHOW FULL TABLES; args=None
2020-08-25 21:18:57.013|DEBUG|(0.000) SELECT `django_migrations`.`app`, `django_migrations`.`name` FROM `django_migrations`; args=()
2020-08-25 21:20:56.538|DEBUG|(0.000) SELECT @@SQL_AUTO_IS_NULL; args=None
2020-08-25 21:20:56.539|DEBUG|(0.000) SELECT VERSION(); args=None
2020-08-25 21:20:57.334|DEBUG|(0.003) SHOW FULL TABLES; args=None
2020-08-25 21:20:57.337|DEBUG|(0.000) SELECT `django_migrations`.`app`, `django_migrations`.`name` FROM `django_migrations`; args=()
2020-08-25 21:21:18.046|DEBUG|(0.000) SELECT @@SQL_AUTO_IS_NULL; args=None
2020-08-25 21:21:18.046|DEBUG|(0.000) SELECT VERSION(); args=None
2020-08-25 21:21:18.863|DEBUG|(0.002) SHOW FULL TABLES; args=None
2020-08-25 21:21:18.866|DEBUG|(0.001) SELECT `django_migrations`.`app`, `django_migrations`.`name` FROM `django_migrations`; args=()
2020-08-25 21:23:34.928|DEBUG|(0.000) SELECT @@SQL_AUTO_IS_NULL; args=None
2020-08-25 21:23:34.929|DEBUG|(0.000) SELECT VERSION(); args=None
2020-08-25 21:23:35.828|DEBUG|(0.003) SHOW FULL TABLES; args=None
2020-08-25 21:23:35.833|DEBUG|(0.001) SELECT `django_migrations`.`app`, `django_migrations`.`name` FROM `django_migrations`; args=()
2020-08-25 21:23:52.180|DEBUG|(0.000) SELECT @@SQL_AUTO_IS_NULL; args=None
2020-08-25 21:23:52.181|DEBUG|(0.000) SELECT VERSION(); args=None
2020-08-25 21:23:53.232|DEBUG|(0.002) SHOW FULL TABLES; args=None
2020-08-25 21:23:53.234|DEBUG|(0.000) SELECT `django_migrations`.`app`, `django_migrations`.`name` FROM `django_migrations`; args=()
2020-08-25 21:24:04.053|DEBUG|(0.000) SELECT @@SQL_AUTO_IS_NULL; args=None
2020-08-25 21:24:04.055|DEBUG|(0.000) SELECT VERSION(); args=None
2020-08-25 21:24:04.829|DEBUG|(0.002) SHOW FULL TABLES; args=None
2020-08-25 21:24:04.832|DEBUG|(0.000) SELECT `django_migrations`.`app`, `django_migrations`.`name` FROM `django_migrations`; args=()
2020-08-25 21:24:26.644|DEBUG|(0.000) SELECT @@SQL_AUTO_IS_NULL; args=None
2020-08-25 21:24:26.645|DEBUG|(0.000) SELECT VERSION(); args=None
2020-08-25 21:24:27.588|DEBUG|(0.002) SHOW FULL TABLES; args=None
2020-08-25 21:24:27.592|DEBUG|(0.000) SELECT `django_migrations`.`app`, `django_migrations`.`name` FROM `django_migrations`; args=()
